{"C:\\Users\\Omi\\Desktop\\React\\portfolio\\src\\components\\Contact.jsx": {"path":"C:\\Users\\Omi\\Desktop\\React\\portfolio\\src\\components\\Contact.jsx","statementMap":{"0":{"start":{"line":4,"column":16},"end":{"line":47,"column":1}},"1":{"start":{"line":5,"column":34},"end":{"line":5,"column":80}},"2":{"start":{"line":7,"column":2},"end":{"line":46,"column":4}}},"fnMap":{"0":{"name":"(anonymous_0)","decl":{"start":{"line":4,"column":16},"end":{"line":4,"column":17}},"loc":{"start":{"line":4,"column":22},"end":{"line":47,"column":1}},"line":4}},"branchMap":{},"s":{"0":1,"1":1,"2":1},"f":{"0":1},"b":{},"_coverageSchema":"1a1c01bbd47fc00a2c39e90264f33305004495a9","hash":"f991cc018d4d84bfc6f285542b2e6fc0c5e0f2d6"}
,"C:\\Users\\Omi\\Desktop\\React\\portfolio\\src\\components\\Projects.jsx": {"path":"C:\\Users\\Omi\\Desktop\\React\\portfolio\\src\\components\\Projects.jsx","statementMap":{"0":{"start":{"line":4,"column":17},"end":{"line":52,"column":1}},"1":{"start":{"line":5,"column":2},"end":{"line":51,"column":12}}},"fnMap":{"0":{"name":"(anonymous_0)","decl":{"start":{"line":4,"column":17},"end":{"line":4,"column":18}},"loc":{"start":{"line":5,"column":2},"end":{"line":51,"column":12}},"line":5}},"branchMap":{},"s":{"0":1,"1":1},"f":{"0":1},"b":{},"_coverageSchema":"1a1c01bbd47fc00a2c39e90264f33305004495a9","hash":"2aa2c577c7ad809ba762c2c6f7fa6167cba36d81"}
}
